0 info it worked if it ends with ok
1 verbose cli [ '/usr/local/Cellar/node/5.7.1/bin/node',
1 verbose cli   '/usr/local/bin/npm',
1 verbose cli   'install',
1 verbose cli   'grunt',
1 verbose cli   '­­--save' ]
2 info using npm@3.6.0
3 info using node@v5.7.1
4 silly loadCurrentTree Starting
5 silly install loadCurrentTree
6 silly install readLocalPackageData
7 silly fetchPackageMetaData grunt
8 silly fetchPackageMetaData ­­--save
9 silly fetchNamedPackageData grunt
10 silly mapToRegistry name grunt
11 silly mapToRegistry using default registry
12 silly mapToRegistry registry https://registry.npmjs.org/
13 silly mapToRegistry uri https://registry.npmjs.org/grunt
14 silly fetchOtherPackageData ­­--save
15 silly cache add args [ '­­--save', null ]
16 verbose cache add spec ­­--save
17 silly cache add parsed spec Result {
17 silly cache add   raw: '­­--save',
17 silly cache add   scope: null,
17 silly cache add   name: null,
17 silly cache add   rawSpec: '­­--save',
17 silly cache add   spec: '/Users/xiaoranwang/Desktop/task/­­--save',
17 silly cache add   type: 'local' }
18 error addLocal Could not install /Users/xiaoranwang/Desktop/task/­­--save
19 silly fetchPackageMetaData Error: ENOENT: no such file or directory, open '/Users/xiaoranwang/Desktop/task/­­--save'
19 silly fetchPackageMetaData     at Error (native)
19 silly fetchPackageMetaData  error for ­­--save { [Error: ENOENT: no such file or directory, open '/Users/xiaoranwang/Desktop/task/­­--save']
19 silly fetchPackageMetaData   errno: -2,
19 silly fetchPackageMetaData   code: 'ENOENT',
19 silly fetchPackageMetaData   syscall: 'open',
19 silly fetchPackageMetaData   path: '/Users/xiaoranwang/Desktop/task/­­--save' }
20 verbose request uri https://registry.npmjs.org/grunt
21 verbose request no auth needed
22 info attempt registry request try #1 at 11:42:54 AM
23 verbose request id 8eb6751107818c63
24 verbose etag "9K2EF2RXHNNHKDER6EXMGS5D"
25 http request GET https://registry.npmjs.org/grunt
26 http 200 https://registry.npmjs.org/grunt
27 verbose headers { server: 'nginx/1.10.1',
27 verbose headers   'content-type': 'application/json',
27 verbose headers   'last-modified': 'Sat, 15 Apr 2017 14:42:27 GMT',
27 verbose headers   etag: 'W/"58f23153-18ad5"',
27 verbose headers   'content-encoding': 'gzip',
27 verbose headers   'cache-control': 'max-age=300',
27 verbose headers   'content-length': '11217',
27 verbose headers   'accept-ranges': 'bytes',
27 verbose headers   date: 'Tue, 25 Apr 2017 16:42:55 GMT',
27 verbose headers   via: '1.1 varnish',
27 verbose headers   age: '76',
27 verbose headers   connection: 'keep-alive',
27 verbose headers   'x-served-by': 'cache-ord1721-ORD',
27 verbose headers   'x-cache': 'HIT',
27 verbose headers   'x-cache-hits': '2',
27 verbose headers   'x-timer': 'S1493138575.297918,VS0,VE0',
27 verbose headers   vary: 'Accept-Encoding' }
28 silly get cb [ 200,
28 silly get   { server: 'nginx/1.10.1',
28 silly get     'content-type': 'application/json',
28 silly get     'last-modified': 'Sat, 15 Apr 2017 14:42:27 GMT',
28 silly get     etag: 'W/"58f23153-18ad5"',
28 silly get     'content-encoding': 'gzip',
28 silly get     'cache-control': 'max-age=300',
28 silly get     'content-length': '11217',
28 silly get     'accept-ranges': 'bytes',
28 silly get     date: 'Tue, 25 Apr 2017 16:42:55 GMT',
28 silly get     via: '1.1 varnish',
28 silly get     age: '76',
28 silly get     connection: 'keep-alive',
28 silly get     'x-served-by': 'cache-ord1721-ORD',
28 silly get     'x-cache': 'HIT',
28 silly get     'x-cache-hits': '2',
28 silly get     'x-timer': 'S1493138575.297918,VS0,VE0',
28 silly get     vary: 'Accept-Encoding' } ]
29 verbose get saving grunt to /Users/xiaoranwang/.npm/registry.npmjs.org/grunt/.cache.json
30 verbose correctMkdir /Users/xiaoranwang/.npm correctMkdir not in flight; initializing
31 silly rollbackFailedOptional Starting
32 silly rollbackFailedOptional Finishing
33 silly runTopLevelLifecycles Starting
34 silly runTopLevelLifecycles Finishing
35 silly install printInstalled
36 verbose stack Error: ENOENT: no such file or directory, open '/Users/xiaoranwang/Desktop/task/­­--save'
36 verbose stack     at Error (native)
37 verbose cwd /Users/xiaoranwang/Desktop/task
38 error Darwin 16.5.0
39 error argv "/usr/local/Cellar/node/5.7.1/bin/node" "/usr/local/bin/npm" "install" "grunt" "­­--save"
40 error node v5.7.1
41 error npm  v3.6.0
42 error path /Users/xiaoranwang/Desktop/task/­­--save
43 error code ENOENT
44 error errno -2
45 error syscall open
46 error enoent ENOENT: no such file or directory, open '/Users/xiaoranwang/Desktop/task/­­--save'
47 error enoent ENOENT: no such file or directory, open '/Users/xiaoranwang/Desktop/task/­­--save'
47 error enoent This is most likely not a problem with npm itself
47 error enoent and is related to npm not being able to find a file.
48 verbose exit [ -2, true ]
